-------------------------------------------------------------------------------
Test set: nl.martin.prive.countATest
-------------------------------------------------------------------------------
Tests run: 1, Failures: 1, Errors: 0, Skipped: 0, Time elapsed: 0.024 s <<< FAILURE! - in nl.martin.prive.countATest
test  Time elapsed: 0.017 s  <<< FAILURE!
org.opentest4j.AssertionFailedError: expected: <3> but was: <2>
	at nl.martin.prive.countATest.test(countATest.java:13)

